  DebugLine.cpp
  Mesh.cpp
  MeshCube.cpp
  MeshCylinder.cpp
  MeshGrid.cpp
  MeshQuad.cpp
  MeshSphere.cpp
  CubeSky.cpp
  Sky.cpp
  Terrain.cpp
  Model.cpp
  ModelBone.cpp
  ModelClip.cpp
  ModelMesh.cpp
  ModelMeshPart.cpp
  ModelReader.cpp
  GameAnimator.cpp
  GameModel.cpp
  GameRender.cpp
  CBuffer.cpp
  Context.cpp
  CsResource.cpp
  Material.cpp
  Progress.cpp
  Render2D.cpp
  Shader.cpp
  Texture.cpp
  D3D.cpp
  DirectWrite.cpp
  Keyboard.cpp
  Mouse.cpp
  Time.cpp
  Window.cpp
  BinaryFile.cpp
  Math.cpp
  Path.cpp
  String.cpp
  Xml.cpp
  Camera.cpp
  DepthStencilView.cpp
  Fixity.cpp
  Freedom.cpp
  Frustum.cpp
  Perspective.cpp
  RenderTargetView.cpp
  Viewport.cpp
  Framework.vcxproj -> C:\Users\94and\Desktop\SGA_1810\047_Animation\Debug\Framework.lib
          1개 파일이 복사되었습니다.
          1개 파일이 복사되었습니다.
